Sxavenger Engine [Sxx Engine] Stream Logger
version: 3.4
[StreamLogger] initalize. filename: 2025-12-20_05-42-12.log
[Sxavenger Engine] >> [Config] loaded user config. filepath: packages/config/config_Debug.json
[Sxavenger Engine] >> [Config] title: Sxavenger Engine 3.4
[Sxavenger Engine] >> [Config] resolution: (1280, 720)
[Sxavenger Engine] >> [Config] enableDebugLayer: true
[Sxavenger Engine] >> [Config] enableGPUBasedValidation: true
[Sxavenger Engine] >> [Config] descriptorCount_SRV_CBV_UAV: 512
[Sxavenger Engine] >> [Config] descriptorCount_RTV: 64
[Sxavenger Engine] >> [Config] descriptorCount_DSV: 8
[Sxavenger Engine] >> [Config] tearing: true
[Sxavenger Engine] >> [Config] frame rate lock: true
[Sxavenger Engine] >> [Config] target frame rate: 60
[Sxavenger Engine] >> [Config] shader optimization: true
[Sxavenger Engine] >> [DXOBEJCT Device] Use Adapter: NVIDIA GeForce RTX 3060 Laptop GPU
[Sxavenger Engine] >> [DXOBEJCT Device] D3D_FEATURE_LEVEL: 12.2
[Sxavenger Engine] >> [DXOBEJCT Device] feature levels - shader model: D3D_SHADER_MODEL_6_6
[Sxavenger Engine] >> [DXOBEJCT Device] feature levels - raytracing tier: D3D12_RAYTRACING_TIER_1_1
[Sxavenger Engine] >> [DXOBEJCT Device] feature levels - mesh shader tier: D3D12_MESH_SHADER_TIER_1
[Sxavenger Engine] >> [DXOBJECT Device] complete initialize.
[Sxavenger Engine] >> [DXOBJECT DescriptorPool] descriptor heap type: D3D12_DESCRIPTOR_HEAP_TYPE_RTV, visibility: false, count: 64
[Sxavenger Engine] >> [DXOBJECT DescriptorPool] descriptor heap type: D3D12_DESCRIPTOR_HEAP_TYPE_DSV, visibility: false, count: 8
[Sxavenger Engine] >> [DXOBJECT DescriptorPool] descriptor heap type: D3D12_DESCRIPTOR_HEAP_TYPE_CBV_SRV_UAV, visibility: true, count: 512
[Sxavenger Engine] >> [DXOBJECT DescriptorHeaps] complete initialize.
[Sxavenger Engine] >> [DXOBJECT ShaderCompiler] complete initialize.
[Sxavenger Engine] [thread id: 17012] >> [AsyncThread] begin thread. execution: None
[Sxavenger Engine] [thread id: 5132] >> [AsyncThread] begin thread. execution: None
[Sxavenger Engine] [thread id: 4444] >> [AsyncThread] begin thread. execution: Copy
[Sxavenger Engine] [thread id: 21204] >> [AsyncThread] begin thread. execution: Copy
[Sxavenger Engine] [thread id: 1656] >> [AsyncThread] begin thread. execution: Copy
[Sxavenger Engine] [thread id: 11428] >> [AsyncThread] begin thread. execution: Compute
[Sxavenger Engine] [main thread] >> [DXOBJECT ShaderCompiler] shader compiled. filepath: packages/shaders/render/skinning/skinning.cs.hlsl, profile: cs
[Sxavenger Engine] [main thread] >> [DXOBJECT ShaderCompiler] shader compiled. filepath: packages/shaders/render/debug/Line/PrimitiveLine.vs.hlsl, profile: vs
[Sxavenger Engine] [main thread] >> [DXOBJECT ShaderCompiler] shader compiled. filepath: packages/shaders/render/debug/Line/PrimitiveLine.gs.hlsl, profile: gs
[Sxavenger Engine] [main thread] >> [DXOBJECT ShaderCompiler] shader compiled. filepath: packages/shaders/render/debug/Line/PrimitiveLine.ps.hlsl, profile: ps
[Sxavenger Engine] [main thread] >> [DXOBJECT ShaderCompiler] shader compiled. filepath: packages/shaders/render/debug/Line/PrimitiveLine.vs.hlsl, profile: vs
[Sxavenger Engine] [main thread] >> [DXOBJECT ShaderCompiler] shader compiled. filepath: packages/shaders/render/debug/Line/PrimitiveLine.gs.hlsl, profile: gs
[Sxavenger Engine] [main thread] >> [DXOBJECT ShaderCompiler] shader compiled. filepath: packages/shaders/render/debug/Line/PrimitiveLine.ps.hlsl, profile: ps
[Sxavenger Engine] [main thread] >> [DXOBJECT ShaderCompiler] shader compiled. filepath: packages/shaders/render/debug/Point/PrimitivePoint.vs.hlsl, profile: vs
[Sxavenger Engine] [main thread] >> [DXOBJECT ShaderCompiler] shader compiled. filepath: packages/shaders/render/debug/Point/PrimitivePoint.gs.hlsl, profile: gs
[Sxavenger Engine] [main thread] >> [DXOBJECT ShaderCompiler] shader compiled. filepath: packages/shaders/render/debug/Point/PrimitivePoint.ps.hlsl, profile: ps
[Sxavenger Engine] [main thread] >> [DXOBJECT ShaderCompiler] shader compiled. filepath: packages/shaders/render/debug/Point/PrimitivePoint.vs.hlsl, profile: vs
[Sxavenger Engine] [main thread] >> [DXOBJECT ShaderCompiler] shader compiled. filepath: packages/shaders/render/debug/Point/PrimitivePoint.gs.hlsl, profile: gs
[Sxavenger Engine] [main thread] >> [DXOBJECT ShaderCompiler] shader compiled. filepath: packages/shaders/render/debug/Point/PrimitivePoint.ps.hlsl, profile: ps
[Execution::Context]: Begin Execution Context. ptr: 0x192c9b77778
[FeatureLevelExecution] >> check feature levels.
[FeatureLevelExecution] >> [IDXGIFactory7] CreateDXGIFactory(...): true
[FeatureLevelExecution] >> [IDXGIFactory7] CheckFeatureSupport(DXGI_FEATURE_PRESENT_ALLOW_TEARING) = 1
[FeatureLevelExecution] >> [IDXGIAdapter4] Adapter Name: NVIDIA GeForce RTX 3060 Laptop GPU
[FeatureLevelExecution] >> [ID3D12Device8] feature level: 12_2
[FeatureLevelExecution] >> [Feature Support::D3D12_FEATURE_SHADER_MODEL]: D3D_SHADER_MODEL_6_8
[FeatureLevelExecution] >> [Feature Support::D3D12_FEATURE_D3D12_OPTIONS5] raytracing tier: D3D12_RAYTRACING_TIER_1_1
[FeatureLevelExecution] >> [Feature Support::D3D12_FEATURE_D3D12_OPTIONS7] mesh shader support.
[FeatureLevelExecution] >> feature levels complete.
[Sxavenger Engine] >> [AssetStorage]: asset storage uuid table deserialized.
[Sxavenger Engine] [main thread] >> [AsyncThreadPool] task pushed. tag: packages/shaders/render/Geometry/Mesh/Default.vs.hlsl
[Sxavenger Engine] [thread id: 17012] >> [AsyncThreadPool] task poped. tag: packages/shaders/render/Geometry/Mesh/Default.vs.hlsl
[Sxavenger Engine] [main thread] >> [AsyncThreadPool] task pushed. tag: packages/shaders/render/Geometry/Mesh/Forward.ps.hlsl
[Sxavenger Engine] [thread id: 5132] >> [AsyncThreadPool] task poped. tag: packages/shaders/render/Geometry/Mesh/Forward.ps.hlsl
[Sxavenger Engine] [thread id: 5132] >> [DXOBJECT ShaderCompiler] shader compiled. filepath: packages/shaders/render/Geometry/Mesh/Forward.ps.hlsl, profile: ps
[Sxavenger Engine] [thread id: 5132] >> [AsyncThread] task completed. tag: packages/shaders/render/Geometry/Mesh/Forward.ps.hlsl
[Sxavenger Engine] [thread id: 17012] >> [DXOBJECT ShaderCompiler] shader compiled. filepath: packages/shaders/render/Geometry/Mesh/Default.vs.hlsl, profile: vs
[Sxavenger Engine] [thread id: 17012] >> [AsyncThread] task completed. tag: packages/shaders/render/Geometry/Mesh/Default.vs.hlsl
[Sxavenger Engine] [main thread] >> [AsyncThreadPool] task pushed. tag: packages/shaders/render/Geometry/Mesh/Deferred.ps.hlsl
[Sxavenger Engine] [thread id: 5132] >> [AsyncThreadPool] task poped. tag: packages/shaders/render/Geometry/Mesh/Deferred.ps.hlsl
[Sxavenger Engine] [thread id: 5132] >> [DXOBJECT ShaderCompiler] shader compiled. filepath: packages/shaders/render/Geometry/Mesh/Deferred.ps.hlsl, profile: ps
[Sxavenger Engine] [thread id: 5132] >> [AsyncThread] task completed. tag: packages/shaders/render/Geometry/Mesh/Deferred.ps.hlsl
[Sxavenger Engine] [main thread] >> [AsyncThreadPool] task pushed. tag: packages/shaders/render/Geometry/Mesh/Default.as.hlsl
[Sxavenger Engine] [thread id: 17012] >> [AsyncThreadPool] task poped. tag: packages/shaders/render/Geometry/Mesh/Default.as.hlsl
[Sxavenger Engine] [main thread] >> [AsyncThreadPool] task pushed. tag: packages/shaders/render/Geometry/Mesh/Default.ms.hlsl
[Sxavenger Engine] [thread id: 5132] >> [AsyncThreadPool] task poped. tag: packages/shaders/render/Geometry/Mesh/Default.ms.hlsl
[Sxavenger Engine] [thread id: 5132] >> [DXOBJECT ShaderCompiler] shader compiled. filepath: packages/shaders/render/Geometry/Mesh/Default.ms.hlsl, profile: ms
[Sxavenger Engine] [thread id: 5132] >> [AsyncThread] task completed. tag: packages/shaders/render/Geometry/Mesh/Default.ms.hlsl
[Sxavenger Engine] [thread id: 17012] >> [DXOBJECT ShaderCompiler] shader compiled. filepath: packages/shaders/render/Geometry/Mesh/Default.as.hlsl, profile: as
[Sxavenger Engine] [thread id: 17012] >> [AsyncThread] task completed. tag: packages/shaders/render/Geometry/Mesh/Default.as.hlsl
[Sxavenger Engine] [main thread] >> [AsyncThreadPool] task pushed. tag: packages/shaders/render/Particle/GPUParticle/GPUParticle.vs.hlsl
[Sxavenger Engine] [thread id: 5132] >> [AsyncThreadPool] task poped. tag: packages/shaders/render/Particle/GPUParticle/GPUParticle.vs.hlsl
[Sxavenger Engine] [main thread] >> [AsyncThreadPool] task pushed. tag: packages/shaders/render/Particle/GPUParticle/GPUParticle.ps.hlsl
[Sxavenger Engine] [thread id: 17012] >> [AsyncThreadPool] task poped. tag: packages/shaders/render/Particle/GPUParticle/GPUParticle.ps.hlsl
[Sxavenger Engine] [thread id: 5132] >> [DXOBJECT ShaderCompiler] shader compiled. filepath: packages/shaders/render/Particle/GPUParticle/GPUParticle.vs.hlsl, profile: vs
[Sxavenger Engine] [thread id: 5132] >> [AsyncThread] task completed. tag: packages/shaders/render/Particle/GPUParticle/GPUParticle.vs.hlsl
[Sxavenger Engine] [thread id: 17012] >> [DXOBJECT ShaderCompiler] shader compiled. filepath: packages/shaders/render/Particle/GPUParticle/GPUParticle.ps.hlsl, profile: ps
[Sxavenger Engine] [thread id: 17012] >> [AsyncThread] task completed. tag: packages/shaders/render/Particle/GPUParticle/GPUParticle.ps.hlsl
[Sxavenger Engine] [main thread] >> [AsyncThreadPool] task pushed. tag: packages/shaders/render/light/LightRender2d.vs.hlsl
[Sxavenger Engine] [thread id: 5132] >> [AsyncThreadPool] task poped. tag: packages/shaders/render/light/LightRender2d.vs.hlsl
[Sxavenger Engine] [main thread] >> [AsyncThreadPool] task pushed. tag: packages/shaders/render/light/Empty.ps.hlsl
[Sxavenger Engine] [thread id: 17012] >> [AsyncThreadPool] task poped. tag: packages/shaders/render/light/Empty.ps.hlsl
[Sxavenger Engine] [thread id: 5132] >> [DXOBJECT ShaderCompiler] shader compiled. filepath: packages/shaders/render/light/LightRender2d.vs.hlsl, profile: vs
[Sxavenger Engine] [thread id: 5132] >> [AsyncThread] task completed. tag: packages/shaders/render/light/LightRender2d.vs.hlsl
[Sxavenger Engine] [thread id: 17012] >> [DXOBJECT ShaderCompiler] shader compiled. filepath: packages/shaders/render/light/Empty.ps.hlsl, profile: ps
[Sxavenger Engine] [thread id: 17012] >> [AsyncThread] task completed. tag: packages/shaders/render/light/Empty.ps.hlsl
[Sxavenger Engine] [main thread] >> [AsyncThreadPool] task pushed. tag: packages/shaders/render/light/DirectionalLight.ps.hlsl
[Sxavenger Engine] [thread id: 5132] >> [AsyncThreadPool] task poped. tag: packages/shaders/render/light/DirectionalLight.ps.hlsl
[Sxavenger Engine] [thread id: 5132] >> [DXOBJECT ShaderCompiler] shader compiled. filepath: packages/shaders/render/light/DirectionalLight.ps.hlsl, profile: ps
[Sxavenger Engine] [thread id: 5132] >> [AsyncThread] task completed. tag: packages/shaders/render/light/DirectionalLight.ps.hlsl
[Sxavenger Engine] [main thread] >> [AsyncThreadPool] task pushed. tag: packages/shaders/render/light/PointLight.ps.hlsl
[Sxavenger Engine] [thread id: 17012] >> [AsyncThreadPool] task poped. tag: packages/shaders/render/light/PointLight.ps.hlsl
[Sxavenger Engine] [thread id: 17012] >> [DXOBJECT ShaderCompiler] shader compiled. filepath: packages/shaders/render/light/PointLight.ps.hlsl, profile: ps
[Sxavenger Engine] [thread id: 17012] >> [AsyncThread] task completed. tag: packages/shaders/render/light/PointLight.ps.hlsl
[Sxavenger Engine] [main thread] >> [AsyncThreadPool] task pushed. tag: packages/shaders/render/light/SpotLight.ps.hlsl
[Sxavenger Engine] [thread id: 5132] >> [AsyncThreadPool] task poped. tag: packages/shaders/render/light/SpotLight.ps.hlsl
[Sxavenger Engine] [thread id: 5132] >> [DXOBJECT ShaderCompiler] shader compiled. filepath: packages/shaders/render/light/SpotLight.ps.hlsl, profile: ps
[Sxavenger Engine] [thread id: 5132] >> [AsyncThread] task completed. tag: packages/shaders/render/light/SpotLight.ps.hlsl
[Sxavenger Engine] [main thread] >> [AsyncThreadPool] task pushed. tag: packages/shaders/render/light/SkyLight.ps.hlsl
[Sxavenger Engine] [thread id: 17012] >> [AsyncThreadPool] task poped. tag: packages/shaders/render/light/SkyLight.ps.hlsl
[Sxavenger Engine] [thread id: 17012] >> [DXOBJECT ShaderCompiler] shader compiled. filepath: packages/shaders/render/light/SkyLight.ps.hlsl, profile: ps
[Sxavenger Engine] [thread id: 17012] >> [AsyncThread] task completed. tag: packages/shaders/render/light/SkyLight.ps.hlsl
[Sxavenger Engine] [main thread] >> [AsyncThreadPool] task pushed. tag: packages/shaders/render/light/SkyLightEnvironment.ps.hlsl
[Sxavenger Engine] [thread id: 5132] >> [AsyncThreadPool] task poped. tag: packages/shaders/render/light/SkyLightEnvironment.ps.hlsl
[Sxavenger Engine] [thread id: 5132] >> [DXOBJECT ShaderCompiler] shader compiled. filepath: packages/shaders/render/light/SkyLightEnvironment.ps.hlsl, profile: ps
[Sxavenger Engine] [thread id: 5132] >> [AsyncThread] task completed. tag: packages/shaders/render/light/SkyLightEnvironment.ps.hlsl
[Sxavenger Engine] [main thread] >> [AsyncThreadPool] task pushed. tag: packages/shaders/render/light/SkyAtmosphereEnvironment.ps.hlsl
[Sxavenger Engine] [thread id: 17012] >> [AsyncThreadPool] task poped. tag: packages/shaders/render/light/SkyAtmosphereEnvironment.ps.hlsl
[Sxavenger Engine] [thread id: 17012] >> [DXOBJECT ShaderCompiler] shader compiled. filepath: packages/shaders/render/light/SkyAtmosphereEnvironment.ps.hlsl, profile: ps
[Sxavenger Engine] [thread id: 17012] >> [AsyncThread] task completed. tag: packages/shaders/render/light/SkyAtmosphereEnvironment.ps.hlsl
[Sxavenger Engine] [main thread] >> [DXOBJECT ShaderCompiler] shader compiled. filepath: packages/shaders/render/ReSTIR/Default.raygeneration.hlsl, profile: lib
[Sxavenger Engine] [main thread] >> [DXOBJECT ShaderCompiler] shader compiled. filepath: packages/shaders/render/ReSTIR/Default.miss.hlsl, profile: lib
[Sxavenger Engine] [main thread] >> [DXOBJECT ShaderCompiler] shader compiled. filepath: packages/shaders/render/ReSTIR/hitgroup/Mesh.hitgroup.hlsl, profile: lib
[Sxavenger Engine] [main thread] >> [DXOBJECT ShaderCompiler] shader compiled. filepath: packages/shaders/render/ReSTIR/hitgroup/Emissive.hitgroup.hlsl, profile: lib
[Sxavenger Engine] [main thread] >> [DXOBJECT ShaderCompiler] shader compiled. filepath: packages/shaders/render/ReSTIR/RestirReset.cs.hlsl, profile: cs
[Sxavenger Engine] [main thread] >> [DXOBJECT ShaderCompiler] shader compiled. filepath: packages/shaders/render/ReSTIR/RestirTemporal.cs.hlsl, profile: cs
[Sxavenger Engine] [main thread] >> [DXOBJECT ShaderCompiler] shader compiled. filepath: packages/shaders/render/ReSTIR/RestirSpatial.cs.hlsl, profile: cs
[Sxavenger Engine] [main thread] >> [DXOBJECT ShaderCompiler] shader compiled. filepath: packages/shaders/render/ReSTIR/RestirTexture.cs.hlsl, profile: cs
[Sxavenger Engine] [main thread] >> [DXOBJECT ShaderCompiler] shader compiled. filepath: packages/shaders/render/ReSTIR/EdgeStopping.cs.hlsl, profile: cs
[Sxavenger Engine] [main thread] >> [AsyncThreadPool] task pushed. tag: packages/shaders/render/canvas/sprite.vs.hlsl
[Sxavenger Engine] [thread id: 5132] >> [AsyncThreadPool] task poped. tag: packages/shaders/render/canvas/sprite.vs.hlsl
[Sxavenger Engine] [main thread] >> [AsyncThreadPool] task pushed. tag: packages/shaders/render/canvas/sprite.ps.hlsl
[Sxavenger Engine] [thread id: 17012] >> [AsyncThreadPool] task poped. tag: packages/shaders/render/canvas/sprite.ps.hlsl
[Sxavenger Engine] [thread id: 17012] >> [DXOBJECT ShaderCompiler] shader compiled. filepath: packages/shaders/render/canvas/sprite.ps.hlsl, profile: ps
[Sxavenger Engine] [thread id: 17012] >> [AsyncThread] task completed. tag: packages/shaders/render/canvas/sprite.ps.hlsl
[Sxavenger Engine] [thread id: 5132] >> [DXOBJECT ShaderCompiler] shader compiled. filepath: packages/shaders/render/canvas/sprite.vs.hlsl, profile: vs
[Sxavenger Engine] [thread id: 5132] >> [AsyncThread] task completed. tag: packages/shaders/render/canvas/sprite.vs.hlsl
[Sxavenger Engine] [main thread] >> [AsyncThreadPool] task pushed. tag: packages/shaders/render/canvas/text.vs.hlsl
[Sxavenger Engine] [thread id: 17012] >> [AsyncThreadPool] task poped. tag: packages/shaders/render/canvas/text.vs.hlsl
[Sxavenger Engine] [main thread] >> [AsyncThreadPool] task pushed. tag: packages/shaders/render/canvas/text.ps.hlsl
[Sxavenger Engine] [thread id: 5132] >> [AsyncThreadPool] task poped. tag: packages/shaders/render/canvas/text.ps.hlsl
[Sxavenger Engine] [thread id: 5132] >> [DXOBJECT ShaderCompiler] shader compiled. filepath: packages/shaders/render/canvas/text.ps.hlsl, profile: ps
[Sxavenger Engine] [thread id: 5132] >> [AsyncThread] task completed. tag: packages/shaders/render/canvas/text.ps.hlsl
[Sxavenger Engine] [thread id: 17012] >> [DXOBJECT ShaderCompiler] shader compiled. filepath: packages/shaders/render/canvas/text.vs.hlsl, profile: vs
[Sxavenger Engine] [thread id: 17012] >> [AsyncThread] task completed. tag: packages/shaders/render/canvas/text.vs.hlsl
[Sxavenger Engine] [main thread] >> [AsyncThreadPool] task pushed. tag: packages/shaders/Render/Process/PostProcess/GrayScale.cs.hlsl
[Sxavenger Engine] [thread id: 5132] >> [AsyncThreadPool] task poped. tag: packages/shaders/Render/Process/PostProcess/GrayScale.cs.hlsl
[Sxavenger Engine] [thread id: 5132] >> [DXOBJECT ShaderCompiler] shader compiled. filepath: packages/shaders/Render/Process/PostProcess/GrayScale.cs.hlsl, profile: cs
[Sxavenger Engine] [thread id: 5132] >> [AsyncThread] task completed. tag: packages/shaders/Render/Process/PostProcess/GrayScale.cs.hlsl
[Sxavenger Engine] [main thread] >> [AsyncThreadPool] task pushed. tag: packages/shaders/Render/Process/PostProcess/Exposure/AutoExposureLuminance.cs.hlsl
[Sxavenger Engine] [thread id: 17012] >> [AsyncThreadPool] task poped. tag: packages/shaders/Render/Process/PostProcess/Exposure/AutoExposureLuminance.cs.hlsl
[Sxavenger Engine] [thread id: 17012] >> [DXOBJECT ShaderCompiler] shader compiled. filepath: packages/shaders/Render/Process/PostProcess/Exposure/AutoExposureLuminance.cs.hlsl, profile: cs
[Sxavenger Engine] [thread id: 17012] >> [AsyncThread] task completed. tag: packages/shaders/Render/Process/PostProcess/Exposure/AutoExposureLuminance.cs.hlsl
[Sxavenger Engine] [main thread] >> [AsyncThreadPool] task pushed. tag: packages/shaders/Render/Process/PostProcess/Exposure/AutoExposureAverage.cs.hlsl
[Sxavenger Engine] [thread id: 5132] >> [AsyncThreadPool] task poped. tag: packages/shaders/Render/Process/PostProcess/Exposure/AutoExposureAverage.cs.hlsl
[Sxavenger Engine] [thread id: 5132] >> [DXOBJECT ShaderCompiler] shader compiled. filepath: packages/shaders/Render/Process/PostProcess/Exposure/AutoExposureAverage.cs.hlsl, profile: cs
[Sxavenger Engine] [thread id: 5132] >> [AsyncThread] task completed. tag: packages/shaders/Render/Process/PostProcess/Exposure/AutoExposureAverage.cs.hlsl
[Sxavenger Engine] [main thread] >> [AsyncThreadPool] task pushed. tag: packages/shaders/Render/Process/PostProcess/Exposure/AutoExposureApply.cs.hlsl
[Sxavenger Engine] [thread id: 17012] >> [AsyncThreadPool] task poped. tag: packages/shaders/Render/Process/PostProcess/Exposure/AutoExposureApply.cs.hlsl
[Sxavenger Engine] [thread id: 17012] >> [DXOBJECT ShaderCompiler] shader compiled. filepath: packages/shaders/Render/Process/PostProcess/Exposure/AutoExposureApply.cs.hlsl, profile: cs
[Sxavenger Engine] [thread id: 17012] >> [AsyncThread] task completed. tag: packages/shaders/Render/Process/PostProcess/Exposure/AutoExposureApply.cs.hlsl
[Sxavenger Engine] [main thread] >> [AsyncThreadPool] task pushed. tag: packages/shaders/Render/Process/PostProcess/Exposure/LocalExposure.cs.hlsl
[Sxavenger Engine] [thread id: 5132] >> [AsyncThreadPool] task poped. tag: packages/shaders/Render/Process/PostProcess/Exposure/LocalExposure.cs.hlsl
[Sxavenger Engine] [thread id: 5132] >> [DXOBJECT ShaderCompiler] shader compiled. filepath: packages/shaders/Render/Process/PostProcess/Exposure/LocalExposure.cs.hlsl, profile: cs
[Sxavenger Engine] [thread id: 5132] >> [AsyncThread] task completed. tag: packages/shaders/Render/Process/PostProcess/Exposure/LocalExposure.cs.hlsl
[Sxavenger Engine] [main thread] >> [AsyncThreadPool] task pushed. tag: packages/shaders/Render/Process/PostProcess/DoF.cs.hlsl
[Sxavenger Engine] [thread id: 17012] >> [AsyncThreadPool] task poped. tag: packages/shaders/Render/Process/PostProcess/DoF.cs.hlsl
[Sxavenger Engine] [thread id: 17012] >> [DXOBJECT ShaderCompiler] shader compiled. filepath: packages/shaders/Render/Process/PostProcess/DoF.cs.hlsl, profile: cs
[Sxavenger Engine] [thread id: 17012] >> [AsyncThread] task completed. tag: packages/shaders/Render/Process/PostProcess/DoF.cs.hlsl
[Sxavenger Engine] [main thread] >> [AsyncThreadPool] task pushed. tag: packages/shaders/Render/Process/PostProcess/Bloom/BloomLuminance.cs.hlsl
[Sxavenger Engine] [thread id: 5132] >> [AsyncThreadPool] task poped. tag: packages/shaders/Render/Process/PostProcess/Bloom/BloomLuminance.cs.hlsl
[Sxavenger Engine] [thread id: 5132] >> [DXOBJECT ShaderCompiler] shader compiled. filepath: packages/shaders/Render/Process/PostProcess/Bloom/BloomLuminance.cs.hlsl, profile: cs
[Sxavenger Engine] [thread id: 5132] >> [AsyncThread] task completed. tag: packages/shaders/Render/Process/PostProcess/Bloom/BloomLuminance.cs.hlsl
[Sxavenger Engine] [main thread] >> [AsyncThreadPool] task pushed. tag: packages/shaders/Render/Process/PostProcess/Bloom/BloomApply.cs.hlsl
[Sxavenger Engine] [thread id: 17012] >> [AsyncThreadPool] task poped. tag: packages/shaders/Render/Process/PostProcess/Bloom/BloomApply.cs.hlsl
[Sxavenger Engine] [thread id: 17012] >> [DXOBJECT ShaderCompiler] shader compiled. filepath: packages/shaders/Render/Process/PostProcess/Bloom/BloomApply.cs.hlsl, profile: cs
[Sxavenger Engine] [thread id: 17012] >> [AsyncThread] task completed. tag: packages/shaders/Render/Process/PostProcess/Bloom/BloomApply.cs.hlsl
[Sxavenger Engine] [main thread] >> [AsyncThreadPool] task pushed. tag: packages/shaders/Render/Process/PostProcess/RadialBlur.cs.hlsl
[Sxavenger Engine] [thread id: 5132] >> [AsyncThreadPool] task poped. tag: packages/shaders/Render/Process/PostProcess/RadialBlur.cs.hlsl
[Sxavenger Engine] [thread id: 5132] >> [DXOBJECT ShaderCompiler] shader compiled. filepath: packages/shaders/Render/Process/PostProcess/RadialBlur.cs.hlsl, profile: cs
[Sxavenger Engine] [thread id: 5132] >> [AsyncThread] task completed. tag: packages/shaders/Render/Process/PostProcess/RadialBlur.cs.hlsl
[Sxavenger Engine] [main thread] >> [AsyncThreadPool] task pushed. tag: packages/shaders/Render/Process/PostProcess/MotionBlur.cs.hlsl
[Sxavenger Engine] [thread id: 17012] >> [AsyncThreadPool] task poped. tag: packages/shaders/Render/Process/PostProcess/MotionBlur.cs.hlsl
[Sxavenger Engine] [thread id: 17012] >> [DXOBJECT ShaderCompiler] shader compiled. filepath: packages/shaders/Render/Process/PostProcess/MotionBlur.cs.hlsl, profile: cs
[Sxavenger Engine] [thread id: 17012] >> [AsyncThread] task completed. tag: packages/shaders/Render/Process/PostProcess/MotionBlur.cs.hlsl
[Sxavenger Engine] [main thread] >> [AsyncThreadPool] task pushed. tag: packages/shaders/Render/Process/PostProcess/ChromaticAberration.cs.hlsl
[Sxavenger Engine] [thread id: 5132] >> [AsyncThreadPool] task poped. tag: packages/shaders/Render/Process/PostProcess/ChromaticAberration.cs.hlsl
[Sxavenger Engine] [thread id: 5132] >> [DXOBJECT ShaderCompiler] shader compiled. filepath: packages/shaders/Render/Process/PostProcess/ChromaticAberration.cs.hlsl, profile: cs
[Sxavenger Engine] [thread id: 5132] >> [AsyncThread] task completed. tag: packages/shaders/Render/Process/PostProcess/ChromaticAberration.cs.hlsl
[Sxavenger Engine] [main thread] >> [AsyncThreadPool] task pushed. tag: packages/shaders/Render/Process/PostProcess/Vignette.cs.hlsl
[Sxavenger Engine] [thread id: 17012] >> [AsyncThreadPool] task poped. tag: packages/shaders/Render/Process/PostProcess/Vignette.cs.hlsl
[Sxavenger Engine] [thread id: 17012] >> [DXOBJECT ShaderCompiler] shader compiled. filepath: packages/shaders/Render/Process/PostProcess/Vignette.cs.hlsl, profile: cs
[Sxavenger Engine] [thread id: 17012] >> [AsyncThread] task completed. tag: packages/shaders/Render/Process/PostProcess/Vignette.cs.hlsl
[Sxavenger Engine] [main thread] >> [AsyncThreadPool] task pushed. tag: packages/shaders/Render/Process/PostProcess/ConvertLUTTexture.cs.hlsl
[Sxavenger Engine] [thread id: 5132] >> [AsyncThreadPool] task poped. tag: packages/shaders/Render/Process/PostProcess/ConvertLUTTexture.cs.hlsl
[Sxavenger Engine] [thread id: 5132] >> [DXOBJECT ShaderCompiler] shader compiled. filepath: packages/shaders/Render/Process/PostProcess/ConvertLUTTexture.cs.hlsl, profile: cs
[Sxavenger Engine] [thread id: 5132] >> [AsyncThread] task completed. tag: packages/shaders/Render/Process/PostProcess/ConvertLUTTexture.cs.hlsl
[Sxavenger Engine] [main thread] >> [AsyncThreadPool] task pushed. tag: packages/shaders/Render/Process/PostProcess/LUT.cs.hlsl
[Sxavenger Engine] [thread id: 17012] >> [AsyncThreadPool] task poped. tag: packages/shaders/Render/Process/PostProcess/LUT.cs.hlsl
[Sxavenger Engine] [thread id: 17012] >> [DXOBJECT ShaderCompiler] shader compiled. filepath: packages/shaders/Render/Process/PostProcess/LUT.cs.hlsl, profile: cs
[Sxavenger Engine] [thread id: 17012] >> [AsyncThread] task completed. tag: packages/shaders/Render/Process/PostProcess/LUT.cs.hlsl
[Sxavenger Engine] [main thread] >> [AsyncThreadPool] task pushed. tag: packages/shaders/Render/Process/CompositeProcess/Tonemap.cs.hlsl
[Sxavenger Engine] [thread id: 5132] >> [AsyncThreadPool] task poped. tag: packages/shaders/Render/Process/CompositeProcess/Tonemap.cs.hlsl
[Sxavenger Engine] [thread id: 5132] >> [DXOBJECT ShaderCompiler] shader compiled. filepath: packages/shaders/Render/Process/CompositeProcess/Tonemap.cs.hlsl, profile: cs
[Sxavenger Engine] [thread id: 5132] >> [AsyncThread] task completed. tag: packages/shaders/Render/Process/CompositeProcess/Tonemap.cs.hlsl
[Sxavenger Engine] [main thread] >> [AsyncThreadPool] task pushed. tag: packages/shaders/Render/Process/CompositeProcess/FXAA/Fxaa.cs.hlsl
[Sxavenger Engine] [thread id: 17012] >> [AsyncThreadPool] task poped. tag: packages/shaders/Render/Process/CompositeProcess/FXAA/Fxaa.cs.hlsl
[Sxavenger Engine] [thread id: 17012] >> [DXOBJECT ShaderCompiler] shader compiled. filepath: packages/shaders/Render/Process/CompositeProcess/FXAA/Fxaa.cs.hlsl, profile: cs
[Sxavenger Engine] [thread id: 17012] >> [AsyncThread] task completed. tag: packages/shaders/Render/Process/CompositeProcess/FXAA/Fxaa.cs.hlsl
[Sxavenger Engine] [main thread] >> [AsyncThreadPool] task pushed. tag: packages/shaders/Render/Process/CompositeProcess/SMAA/SmaaEdgeDetection.cs.hlsl
[Sxavenger Engine] [thread id: 5132] >> [AsyncThreadPool] task poped. tag: packages/shaders/Render/Process/CompositeProcess/SMAA/SmaaEdgeDetection.cs.hlsl
[Sxavenger Engine] [thread id: 5132] >> [DXOBJECT ShaderCompiler] shader compiled. filepath: packages/shaders/Render/Process/CompositeProcess/SMAA/SmaaEdgeDetection.cs.hlsl, profile: cs
[Sxavenger Engine] [thread id: 5132] >> [AsyncThread] task completed. tag: packages/shaders/Render/Process/CompositeProcess/SMAA/SmaaEdgeDetection.cs.hlsl
[Sxavenger Engine] [main thread] >> [AsyncThreadPool] task pushed. tag: packages/shaders/Render/Process/CompositeProcess/SMAA/SmaaBlendWeight.cs.hlsl
[Sxavenger Engine] [thread id: 17012] >> [AsyncThreadPool] task poped. tag: packages/shaders/Render/Process/CompositeProcess/SMAA/SmaaBlendWeight.cs.hlsl
[Sxavenger Engine] [thread id: 17012] >> [DXOBJECT ShaderCompiler] shader compiled. filepath: packages/shaders/Render/Process/CompositeProcess/SMAA/SmaaBlendWeight.cs.hlsl, profile: cs
[Sxavenger Engine] [thread id: 17012] >> [AsyncThread] task completed. tag: packages/shaders/Render/Process/CompositeProcess/SMAA/SmaaBlendWeight.cs.hlsl
[Sxavenger Engine] [main thread] >> [AsyncThreadPool] task pushed. tag: packages/shaders/Render/Process/CompositeProcess/SMAA/SmaaNeighborhoodBlending.cs.hlsl
[Sxavenger Engine] [thread id: 5132] >> [AsyncThreadPool] task poped. tag: packages/shaders/Render/Process/CompositeProcess/SMAA/SmaaNeighborhoodBlending.cs.hlsl
[Sxavenger Engine] [thread id: 5132] >> [DXOBJECT ShaderCompiler] shader compiled. filepath: packages/shaders/Render/Process/CompositeProcess/SMAA/SmaaNeighborhoodBlending.cs.hlsl, profile: cs
[Sxavenger Engine] [thread id: 5132] >> [AsyncThread] task completed. tag: packages/shaders/Render/Process/CompositeProcess/SMAA/SmaaNeighborhoodBlending.cs.hlsl
[Sxavenger Engine] [main thread] >> [DXOBJECT ShaderCompiler] shader compiled. filepath: packages/shaders/render/presenter/presenter.vs.hlsl, profile: vs
[Sxavenger Engine] [main thread] >> [DXOBJECT ShaderCompiler] shader compiled. filepath: packages/shaders/render/presenter/presenter.ps.hlsl, profile: ps
[Sxavenger Engine] [main thread] >> [AsyncThreadPool] task pushed. tag: packages/shaders/render/Transition/LightingTransition.cs.hlsl
[Sxavenger Engine] [thread id: 17012] >> [AsyncThreadPool] task poped. tag: packages/shaders/render/Transition/LightingTransition.cs.hlsl
[Sxavenger Engine] [thread id: 17012] >> [DXOBJECT ShaderCompiler] shader compiled. filepath: packages/shaders/render/Transition/LightingTransition.cs.hlsl, profile: cs
[Sxavenger Engine] [thread id: 17012] >> [AsyncThread] task completed. tag: packages/shaders/render/Transition/LightingTransition.cs.hlsl
[Sxavenger Engine] [main thread] >> [AsyncThreadPool] task pushed. tag: packages/shaders/render/Transition/MipmapTransition.cs.hlsl
[Sxavenger Engine] [thread id: 5132] >> [AsyncThreadPool] task poped. tag: packages/shaders/render/Transition/MipmapTransition.cs.hlsl
[Sxavenger Engine] [thread id: 5132] >> [DXOBJECT ShaderCompiler] shader compiled. filepath: packages/shaders/render/Transition/MipmapTransition.cs.hlsl, profile: cs
[Sxavenger Engine] [thread id: 5132] >> [AsyncThread] task completed. tag: packages/shaders/render/Transition/MipmapTransition.cs.hlsl
[Sxavenger Engine] [main thread] >> [AsyncThreadPool] task pushed. tag: packages/shaders/render/Transition/VelocityTransition.cs.hlsl
[Sxavenger Engine] [thread id: 17012] >> [AsyncThreadPool] task poped. tag: packages/shaders/render/Transition/VelocityTransition.cs.hlsl
[Sxavenger Engine] [thread id: 17012] >> [DXOBJECT ShaderCompiler] shader compiled. filepath: packages/shaders/render/Transition/VelocityTransition.cs.hlsl, profile: cs
[Sxavenger Engine] [thread id: 17012] >> [AsyncThread] task completed. tag: packages/shaders/render/Transition/VelocityTransition.cs.hlsl
[Sxavenger Engine] [main thread] >> [AsyncThreadPool] task pushed. tag: packages/textures/rendering/brdf_lut.png
[Sxavenger Engine] [thread id: 4444] >> [AsyncThreadPool] task poped. tag: packages/textures/rendering/brdf_lut.png
[Sxavenger Engine] [main thread] >> [AsyncThreadPool] task pushed. tag: packages/textures/rendering/smaaAreaTex.dds
[Sxavenger Engine] [thread id: 21204] >> [AsyncThreadPool] task poped. tag: packages/textures/rendering/smaaAreaTex.dds
[Sxavenger Engine] [main thread] >> [AsyncThreadPool] task pushed. tag: packages/textures/rendering/smaaSearchTex.dds
[Sxavenger Engine] [thread id: 1656] >> [AsyncThreadPool] task poped. tag: packages/textures/rendering/smaaSearchTex.dds
[Sxavenger Engine] >> [DXOBJECT DescriptorPool D3D12_DESCRIPTOR_HEAP_TYPE_RTV] create descriptor index: 0.
[Sxavenger Engine] >> [DXOBJECT DescriptorPool D3D12_DESCRIPTOR_HEAP_TYPE_CBV_SRV_UAV] create descriptor index: 0.
[Sxavenger Engine] >> [DXOBJECT DescriptorPool D3D12_DESCRIPTOR_HEAP_TYPE_CBV_SRV_UAV] create descriptor index: 1.
[Sxavenger Engine] >> [DXOBJECT DescriptorPool D3D12_DESCRIPTOR_HEAP_TYPE_CBV_SRV_UAV] create descriptor index: 2.
[Sxavenger Engine] >> [DXOBJECT DescriptorPool D3D12_DESCRIPTOR_HEAP_TYPE_CBV_SRV_UAV] create descriptor index: 3.
[Sxavenger Engine] [thread id: 4444] >> [AssetTexture]: texture setup complete. uuid: 3f53c3c7-17cf-440e-b30518592e9bdb4b
[Sxavenger Engine] [thread id: 21204] >> [AssetTexture]: texture setup complete. uuid: b4e7fa36-111c-499e-a028b6a74a74b142
[Sxavenger Engine] >> [DXOBJECT DescriptorPool D3D12_DESCRIPTOR_HEAP_TYPE_RTV] create descriptor index: 1.
[Sxavenger Engine] [thread id: 4444] >> [AsyncThread] task completed. tag: packages/textures/rendering/brdf_lut.png
[Sxavenger Engine] [thread id: 21204] >> [AsyncThread] task completed. tag: packages/textures/rendering/smaaAreaTex.dds
[Sxavenger Engine] >> [DXOBJECT DescriptorPool D3D12_DESCRIPTOR_HEAP_TYPE_CBV_SRV_UAV] create descriptor index: 4.
[Sxavenger Engine] >> [DXOBJECT DescriptorPool D3D12_DESCRIPTOR_HEAP_TYPE_CBV_SRV_UAV] create descriptor index: 5.
[Sxavenger Engine] >> [DXOBJECT DescriptorPool D3D12_DESCRIPTOR_HEAP_TYPE_CBV_SRV_UAV] create descriptor index: 6.
[Sxavenger Engine] [thread id: 1656] >> [AssetTexture]: texture setup complete. uuid: 443bb579-cccd-4cce-accde5461eeccec4
[Sxavenger Engine] >> [DXOBJECT DescriptorPool D3D12_DESCRIPTOR_HEAP_TYPE_RTV] create descriptor index: 2.
[Sxavenger Engine] [thread id: 1656] >> [AsyncThread] task completed. tag: packages/textures/rendering/smaaSearchTex.dds
[Sxavenger Engine] >> [DXOBJECT DescriptorPool D3D12_DESCRIPTOR_HEAP_TYPE_CBV_SRV_UAV] create descriptor index: 7.
[Sxavenger Engine] >> [DXOBJECT DescriptorPool D3D12_DESCRIPTOR_HEAP_TYPE_CBV_SRV_UAV] create descriptor index: 8.
[Sxavenger Engine] >> [DXOBJECT DescriptorPool D3D12_DESCRIPTOR_HEAP_TYPE_RTV] create descriptor index: 3.
[Sxavenger Engine] >> [DXOBJECT DescriptorPool D3D12_DESCRIPTOR_HEAP_TYPE_CBV_SRV_UAV] create descriptor index: 9.
[Sxavenger Engine] >> [DXOBJECT DescriptorPool D3D12_DESCRIPTOR_HEAP_TYPE_CBV_SRV_UAV] create descriptor index: 10.
[Sxavenger Engine] >> [DXOBJECT DescriptorPool D3D12_DESCRIPTOR_HEAP_TYPE_RTV] create descriptor index: 4.
[Sxavenger Engine] >> [DXOBJECT DescriptorPool D3D12_DESCRIPTOR_HEAP_TYPE_CBV_SRV_UAV] create descriptor index: 11.
[Sxavenger Engine] >> [DXOBJECT DescriptorPool D3D12_DESCRIPTOR_HEAP_TYPE_CBV_SRV_UAV] create descriptor index: 12.
[Sxavenger Engine] >> [DXOBJECT DescriptorPool D3D12_DESCRIPTOR_HEAP_TYPE_RTV] create descriptor index: 5.
[Sxavenger Engine] >> [DXOBJECT DescriptorPool D3D12_DESCRIPTOR_HEAP_TYPE_CBV_SRV_UAV] create descriptor index: 13.
[Sxavenger Engine] >> [DXOBJECT DescriptorPool D3D12_DESCRIPTOR_HEAP_TYPE_CBV_SRV_UAV] create descriptor index: 14.
[Sxavenger Engine] >> [DXOBJECT DescriptorPool D3D12_DESCRIPTOR_HEAP_TYPE_RTV] create descriptor index: 6.
[Sxavenger Engine] >> [DXOBJECT DescriptorPool D3D12_DESCRIPTOR_HEAP_TYPE_CBV_SRV_UAV] create descriptor index: 15.
[Sxavenger Engine] >> [DXOBJECT DescriptorPool D3D12_DESCRIPTOR_HEAP_TYPE_CBV_SRV_UAV] create descriptor index: 16.
[Sxavenger Engine] >> [DXOBJECT DescriptorPool D3D12_DESCRIPTOR_HEAP_TYPE_RTV] create descriptor index: 7.
[Sxavenger Engine] >> [DXOBJECT DescriptorPool D3D12_DESCRIPTOR_HEAP_TYPE_CBV_SRV_UAV] create descriptor index: 17.
[Sxavenger Engine] >> [DXOBJECT DescriptorPool D3D12_DESCRIPTOR_HEAP_TYPE_CBV_SRV_UAV] create descriptor index: 18.
[Sxavenger Engine] >> [DXOBJECT DescriptorPool D3D12_DESCRIPTOR_HEAP_TYPE_RTV] create descriptor index: 8.
[Sxavenger Engine] >> [DXOBJECT DescriptorPool D3D12_DESCRIPTOR_HEAP_TYPE_CBV_SRV_UAV] create descriptor index: 19.
[Sxavenger Engine] >> [DXOBJECT DescriptorPool D3D12_DESCRIPTOR_HEAP_TYPE_CBV_SRV_UAV] create descriptor index: 20.
[Sxavenger Engine] >> [DXOBJECT DescriptorPool D3D12_DESCRIPTOR_HEAP_TYPE_RTV] create descriptor index: 9.
[Sxavenger Engine] >> [DXOBJECT DescriptorPool D3D12_DESCRIPTOR_HEAP_TYPE_CBV_SRV_UAV] create descriptor index: 21.
[Sxavenger Engine] >> [DXOBJECT DescriptorPool D3D12_DESCRIPTOR_HEAP_TYPE_CBV_SRV_UAV] create descriptor index: 22.
[Sxavenger Engine] >> [DXOBJECT DescriptorPool D3D12_DESCRIPTOR_HEAP_TYPE_RTV] create descriptor index: 10.
[Sxavenger Engine] >> [DXOBJECT DescriptorPool D3D12_DESCRIPTOR_HEAP_TYPE_CBV_SRV_UAV] create descriptor index: 23.
[Sxavenger Engine] >> [DXOBJECT DescriptorPool D3D12_DESCRIPTOR_HEAP_TYPE_CBV_SRV_UAV] create descriptor index: 24.
[Sxavenger Engine] >> [DXOBJECT DescriptorPool D3D12_DESCRIPTOR_HEAP_TYPE_DSV] create descriptor index: 0.
[Sxavenger Engine] >> [DXOBJECT DescriptorPool D3D12_DESCRIPTOR_HEAP_TYPE_CBV_SRV_UAV] create descriptor index: 25.
[Sxavenger Engine] >> [DXOBJECT DescriptorPool D3D12_DESCRIPTOR_HEAP_TYPE_CBV_SRV_UAV] create descriptor index: 26.
[Sxavenger Engine] >> [DXOBJECT DescriptorPool D3D12_DESCRIPTOR_HEAP_TYPE_DSV] create descriptor index: 1.
[Sxavenger Engine] >> [DXOBJECT DescriptorPool D3D12_DESCRIPTOR_HEAP_TYPE_CBV_SRV_UAV] create descriptor index: 27.
[Sxavenger Engine] >> [DXOBJECT DescriptorPool D3D12_DESCRIPTOR_HEAP_TYPE_CBV_SRV_UAV] create descriptor index: 28.
[Sxavenger Engine] >> [DXOBJECT DescriptorPool D3D12_DESCRIPTOR_HEAP_TYPE_CBV_SRV_UAV] create descriptor index: 29.
[Sxavenger Engine] >> [DXOBJECT DescriptorPool D3D12_DESCRIPTOR_HEAP_TYPE_CBV_SRV_UAV] create descriptor index: 30.
[Sxavenger Engine] >> [DXOBJECT DescriptorPool D3D12_DESCRIPTOR_HEAP_TYPE_CBV_SRV_UAV] create descriptor index: 31.
[Sxavenger Engine] >> [DXOBJECT DescriptorPool D3D12_DESCRIPTOR_HEAP_TYPE_CBV_SRV_UAV] create descriptor index: 32.
[Sxavenger Engine] >> [DXOBJECT DescriptorPool D3D12_DESCRIPTOR_HEAP_TYPE_CBV_SRV_UAV] create descriptor index: 33.
[Sxavenger Engine] >> [DXOBJECT DescriptorPool D3D12_DESCRIPTOR_HEAP_TYPE_CBV_SRV_UAV] create descriptor index: 34.
[Sxavenger Engine] >> [DXOBJECT DescriptorPool D3D12_DESCRIPTOR_HEAP_TYPE_CBV_SRV_UAV] create descriptor index: 35.
[Sxavenger Engine] >> [DXOBJECT DescriptorPool D3D12_DESCRIPTOR_HEAP_TYPE_CBV_SRV_UAV] create descriptor index: 36.
[Sxavenger Engine] >> [DXOBJECT DescriptorPool D3D12_DESCRIPTOR_HEAP_TYPE_CBV_SRV_UAV] create descriptor index: 37.
[Sxavenger Engine] >> [DXOBJECT DescriptorPool D3D12_DESCRIPTOR_HEAP_TYPE_CBV_SRV_UAV] create descriptor index: 38.
[Sxavenger Engine] >> [DXOBJECT DescriptorPool D3D12_DESCRIPTOR_HEAP_TYPE_CBV_SRV_UAV] create descriptor index: 39.
[Sxavenger Engine] >> [DXOBJECT DescriptorPool D3D12_DESCRIPTOR_HEAP_TYPE_CBV_SRV_UAV] create descriptor index: 40.
[Sxavenger Engine] >> [DXOBJECT DescriptorPool D3D12_DESCRIPTOR_HEAP_TYPE_CBV_SRV_UAV] create descriptor index: 41.
[Sxavenger Engine] >> [DXOBJECT DescriptorPool D3D12_DESCRIPTOR_HEAP_TYPE_CBV_SRV_UAV] create descriptor index: 42.
[Sxavenger Engine] >> [DXOBJECT DescriptorPool D3D12_DESCRIPTOR_HEAP_TYPE_CBV_SRV_UAV] create descriptor index: 43.
[Sxavenger Engine] >> [DXOBJECT DescriptorPool D3D12_DESCRIPTOR_HEAP_TYPE_CBV_SRV_UAV] create descriptor index: 44.
[Sxavenger Engine] >> [DXOBJECT DescriptorPool D3D12_DESCRIPTOR_HEAP_TYPE_CBV_SRV_UAV] create descriptor index: 45.
[Sxavenger Engine] >> [DXOBJECT DescriptorPool D3D12_DESCRIPTOR_HEAP_TYPE_CBV_SRV_UAV] create descriptor index: 46.
[Sxavenger Engine] >> [DXOBJECT DescriptorPool D3D12_DESCRIPTOR_HEAP_TYPE_CBV_SRV_UAV] create descriptor index: 47.
[Sxavenger Engine] >> [DXOBJECT DescriptorPool D3D12_DESCRIPTOR_HEAP_TYPE_CBV_SRV_UAV] create descriptor index: 48.
[Sxavenger Engine] >> [DXOBJECT DescriptorPool D3D12_DESCRIPTOR_HEAP_TYPE_CBV_SRV_UAV] create descriptor index: 49.
[Sxavenger Engine] >> [DXOBJECT DescriptorPool D3D12_DESCRIPTOR_HEAP_TYPE_CBV_SRV_UAV] create descriptor index: 50.
[Sxavenger Engine] >> [DXOBJECT DescriptorPool D3D12_DESCRIPTOR_HEAP_TYPE_CBV_SRV_UAV] create descriptor index: 51.
[Sxavenger Engine] >> [DXOBJECT DescriptorPool D3D12_DESCRIPTOR_HEAP_TYPE_CBV_SRV_UAV] create descriptor index: 52.
[Sxavenger Engine] >> [DXOBJECT DescriptorPool D3D12_DESCRIPTOR_HEAP_TYPE_CBV_SRV_UAV] create descriptor index: 53.
[Sxavenger Engine] >> [DXOBJECT DescriptorPool D3D12_DESCRIPTOR_HEAP_TYPE_CBV_SRV_UAV] create descriptor index: 54.
[Sxavenger Engine] >> [DXOBJECT DescriptorPool D3D12_DESCRIPTOR_HEAP_TYPE_CBV_SRV_UAV] create descriptor index: 55.
[Sxavenger Engine] >> [DXOBJECT DescriptorPool D3D12_DESCRIPTOR_HEAP_TYPE_CBV_SRV_UAV] create descriptor index: 56.
[Sxavenger Engine] >> [DXOBJECT DescriptorPool D3D12_DESCRIPTOR_HEAP_TYPE_CBV_SRV_UAV] create descriptor index: 57.
[Sxavenger Engine] >> [DXOBJECT DescriptorPool D3D12_DESCRIPTOR_HEAP_TYPE_CBV_SRV_UAV] create descriptor index: 58.
[Sxavenger Engine] >> [DXOBJECT DescriptorPool D3D12_DESCRIPTOR_HEAP_TYPE_CBV_SRV_UAV] create descriptor index: 59.
[Sxavenger Engine] >> [DXOBJECT DescriptorPool D3D12_DESCRIPTOR_HEAP_TYPE_CBV_SRV_UAV] create descriptor index: 60.
[Sxavenger Engine] >> [DXOBJECT DescriptorPool D3D12_DESCRIPTOR_HEAP_TYPE_CBV_SRV_UAV] create descriptor index: 61.
[Sxavenger Engine] >> [DXOBJECT DescriptorPool D3D12_DESCRIPTOR_HEAP_TYPE_CBV_SRV_UAV] create descriptor index: 62.
[Sxavenger Engine] [main thread] >> [DXOBJECT ShaderCompiler] shader compiled. filepath: packages/shaders/common/white1x1.cs.hlsl, profile: cs
[Sxavenger Engine] >> [DXOBJECT DescriptorPool D3D12_DESCRIPTOR_HEAP_TYPE_CBV_SRV_UAV] create descriptor index: 63.
[Sxavenger Engine] >> [DXOBJECT DescriptorPool D3D12_DESCRIPTOR_HEAP_TYPE_CBV_SRV_UAV] create descriptor index: 64.
[Sxavenger Engine] [main thread] >> [DXOBJECT ShaderCompiler] shader compiled. filepath: packages/shaders/common/checker.cs.hlsl, profile: cs
[Sxavenger Engine] >> [DXOBJECT DescriptorPool D3D12_DESCRIPTOR_HEAP_TYPE_CBV_SRV_UAV] create descriptor index: 65.
[Sxavenger Engine] >> [DXOBJECT DescriptorPool D3D12_DESCRIPTOR_HEAP_TYPE_CBV_SRV_UAV] create descriptor index: 66.
[Sxavenger Engine] [main thread] >> [AsyncThreadPool] task pushed. tag: packages/textures/checker_black.png
[Sxavenger Engine] [thread id: 4444] >> [AsyncThreadPool] task poped. tag: packages/textures/checker_black.png
[Sxavenger Engine] [main thread] >> [AsyncThreadPool] task pushed. tag: packages/textures/icon/operation_translate.png
[Sxavenger Engine] [thread id: 21204] >> [AsyncThreadPool] task poped. tag: packages/textures/icon/operation_translate.png
[Sxavenger Engine] >> [DXOBJECT DescriptorPool D3D12_DESCRIPTOR_HEAP_TYPE_CBV_SRV_UAV] create descriptor index: 67.
[Sxavenger Engine] [thread id: 21204] >> [AssetTexture]: texture setup complete. uuid: f31f206f-8b71-45be-920f985b55197484
[Sxavenger Engine] [thread id: 21204] >> [AsyncThread] task completed. tag: packages/textures/icon/operation_translate.png
[Sxavenger Engine] [main thread] >> [AsyncThreadPool] task pushed. tag: packages/textures/icon/operation_rotate.png
[Sxavenger Engine] [thread id: 1656] >> [AsyncThreadPool] task poped. tag: packages/textures/icon/operation_rotate.png
[Sxavenger Engine] >> [DXOBJECT DescriptorPool D3D12_DESCRIPTOR_HEAP_TYPE_CBV_SRV_UAV] create descriptor index: 68.
[Sxavenger Engine] [thread id: 1656] >> [AssetTexture]: texture setup complete. uuid: da94b293-5d57-446f-8ef3560508621ed2
[Sxavenger Engine] [thread id: 1656] >> [AsyncThread] task completed. tag: packages/textures/icon/operation_rotate.png
[Sxavenger Engine] [main thread] >> [AsyncThreadPool] task pushed. tag: packages/textures/icon/operation_scale.png
[Sxavenger Engine] [thread id: 21204] >> [AsyncThreadPool] task poped. tag: packages/textures/icon/operation_scale.png
[Sxavenger Engine] >> [DXOBJECT DescriptorPool D3D12_DESCRIPTOR_HEAP_TYPE_CBV_SRV_UAV] create descriptor index: 69.
[Sxavenger Engine] [thread id: 21204] >> [AssetTexture]: texture setup complete. uuid: 3662c189-64f0-4993-98919c8ee2f16311
[Sxavenger Engine] [thread id: 21204] >> [AsyncThread] task completed. tag: packages/textures/icon/operation_scale.png
[Sxavenger Engine] [main thread] >> [AsyncThreadPool] task pushed. tag: packages/textures/icon/mode_world.png
[Sxavenger Engine] [thread id: 1656] >> [AsyncThreadPool] task poped. tag: packages/textures/icon/mode_world.png
[Sxavenger Engine] >> [DXOBJECT DescriptorPool D3D12_DESCRIPTOR_HEAP_TYPE_CBV_SRV_UAV] create descriptor index: 70.
[Sxavenger Engine] [thread id: 1656] >> [AssetTexture]: texture setup complete. uuid: 327385a7-6cca-499e-9c2597768a679e1d
[Sxavenger Engine] [thread id: 1656] >> [AsyncThread] task completed. tag: packages/textures/icon/mode_world.png
[Sxavenger Engine] [main thread] >> [AsyncThreadPool] task pushed. tag: packages/textures/icon/mode_local.png
[Sxavenger Engine] [thread id: 21204] >> [AsyncThreadPool] task poped. tag: packages/textures/icon/mode_local.png
[Sxavenger Engine] >> [DXOBJECT DescriptorPool D3D12_DESCRIPTOR_HEAP_TYPE_CBV_SRV_UAV] create descriptor index: 71.
[Sxavenger Engine] [thread id: 21204] >> [AssetTexture]: texture setup complete. uuid: 33f21412-a4d2-4bd9-afdf1d3acbf2d534
[Sxavenger Engine] [thread id: 21204] >> [AsyncThread] task completed. tag: packages/textures/icon/mode_local.png
[Sxavenger Engine] [main thread] >> [AsyncThreadPool] task pushed. tag: packages/textures/icon/grid.png
[Sxavenger Engine] [thread id: 1656] >> [AsyncThreadPool] task poped. tag: packages/textures/icon/grid.png
[Sxavenger Engine] >> [MonoBehaviourStorage] registered behaviour. address: 0x192e7a48eb0
[Sxavenger Engine] >> [DXOBJECT DescriptorPool D3D12_DESCRIPTOR_HEAP_TYPE_CBV_SRV_UAV] create descriptor index: 72.
[Sxavenger Engine] [thread id: 1656] >> [AssetTexture]: texture setup complete. uuid: f0793bfb-8a99-47e3-942a90d3e53d3d39
[Sxavenger Engine] [thread id: 1656] >> [AsyncThread] task completed. tag: packages/textures/icon/grid.png
[Sxavenger Engine] >> [DXOBJECT DescriptorPool D3D12_DESCRIPTOR_HEAP_TYPE_RTV] create descriptor index: 11.
[Sxavenger Engine] >> [DXOBJECT DescriptorPool D3D12_DESCRIPTOR_HEAP_TYPE_CBV_SRV_UAV] create descriptor index: 73.
[Sxavenger Engine] >> [DXOBJECT DescriptorPool D3D12_DESCRIPTOR_HEAP_TYPE_CBV_SRV_UAV] create descriptor index: 74.
[Sxavenger Engine] >> [DXOBJECT DescriptorPool D3D12_DESCRIPTOR_HEAP_TYPE_RTV] create descriptor index: 12.
[Sxavenger Engine] >> [DXOBJECT DescriptorPool D3D12_DESCRIPTOR_HEAP_TYPE_CBV_SRV_UAV] create descriptor index: 75.
[Sxavenger Engine] >> [DXOBJECT DescriptorPool D3D12_DESCRIPTOR_HEAP_TYPE_CBV_SRV_UAV] create descriptor index: 76.
[Sxavenger Engine] >> [DXOBJECT DescriptorPool D3D12_DESCRIPTOR_HEAP_TYPE_RTV] create descriptor index: 13.
[Sxavenger Engine] >> [DXOBJECT DescriptorPool D3D12_DESCRIPTOR_HEAP_TYPE_CBV_SRV_UAV] create descriptor index: 77.
[Sxavenger Engine] >> [DXOBJECT DescriptorPool D3D12_DESCRIPTOR_HEAP_TYPE_CBV_SRV_UAV] create descriptor index: 78.
[Sxavenger Engine] >> [DXOBJECT DescriptorPool D3D12_DESCRIPTOR_HEAP_TYPE_RTV] create descriptor index: 14.
[Sxavenger Engine] >> [DXOBJECT DescriptorPool D3D12_DESCRIPTOR_HEAP_TYPE_CBV_SRV_UAV] create descriptor index: 79.
[Sxavenger Engine] >> [DXOBJECT DescriptorPool D3D12_DESCRIPTOR_HEAP_TYPE_CBV_SRV_UAV] create descriptor index: 80.
[Sxavenger Engine] >> [DXOBJECT DescriptorPool D3D12_DESCRIPTOR_HEAP_TYPE_RTV] create descriptor index: 15.
[Sxavenger Engine] >> [DXOBJECT DescriptorPool D3D12_DESCRIPTOR_HEAP_TYPE_CBV_SRV_UAV] create descriptor index: 81.
[Sxavenger Engine] >> [DXOBJECT DescriptorPool D3D12_DESCRIPTOR_HEAP_TYPE_CBV_SRV_UAV] create descriptor index: 82.
[Sxavenger Engine] >> [DXOBJECT DescriptorPool D3D12_DESCRIPTOR_HEAP_TYPE_RTV] create descriptor index: 16.
[Sxavenger Engine] >> [DXOBJECT DescriptorPool D3D12_DESCRIPTOR_HEAP_TYPE_CBV_SRV_UAV] create descriptor index: 83.
[Sxavenger Engine] >> [DXOBJECT DescriptorPool D3D12_DESCRIPTOR_HEAP_TYPE_CBV_SRV_UAV] create descriptor index: 84.
[Sxavenger Engine] >> [DXOBJECT DescriptorPool D3D12_DESCRIPTOR_HEAP_TYPE_RTV] create descriptor index: 17.
[Sxavenger Engine] >> [DXOBJECT DescriptorPool D3D12_DESCRIPTOR_HEAP_TYPE_CBV_SRV_UAV] create descriptor index: 85.
[Sxavenger Engine] >> [DXOBJECT DescriptorPool D3D12_DESCRIPTOR_HEAP_TYPE_CBV_SRV_UAV] create descriptor index: 86.
[Sxavenger Engine] >> [DXOBJECT DescriptorPool D3D12_DESCRIPTOR_HEAP_TYPE_RTV] create descriptor index: 18.
[Sxavenger Engine] >> [DXOBJECT DescriptorPool D3D12_DESCRIPTOR_HEAP_TYPE_CBV_SRV_UAV] create descriptor index: 87.
[Sxavenger Engine] >> [DXOBJECT DescriptorPool D3D12_DESCRIPTOR_HEAP_TYPE_CBV_SRV_UAV] create descriptor index: 88.
[Sxavenger Engine] >> [DXOBJECT DescriptorPool D3D12_DESCRIPTOR_HEAP_TYPE_RTV] create descriptor index: 19.
[Sxavenger Engine] >> [DXOBJECT DescriptorPool D3D12_DESCRIPTOR_HEAP_TYPE_CBV_SRV_UAV] create descriptor index: 89.
[Sxavenger Engine] >> [DXOBJECT DescriptorPool D3D12_DESCRIPTOR_HEAP_TYPE_CBV_SRV_UAV] create descriptor index: 90.
[Sxavenger Engine] >> [DXOBJECT DescriptorPool D3D12_DESCRIPTOR_HEAP_TYPE_RTV] create descriptor index: 20.
[Sxavenger Engine] >> [DXOBJECT DescriptorPool D3D12_DESCRIPTOR_HEAP_TYPE_CBV_SRV_UAV] create descriptor index: 91.
[Sxavenger Engine] >> [DXOBJECT DescriptorPool D3D12_DESCRIPTOR_HEAP_TYPE_CBV_SRV_UAV] create descriptor index: 92.
[Sxavenger Engine] >> [DXOBJECT DescriptorPool D3D12_DESCRIPTOR_HEAP_TYPE_RTV] create descriptor index: 21.
[Sxavenger Engine] >> [DXOBJECT DescriptorPool D3D12_DESCRIPTOR_HEAP_TYPE_CBV_SRV_UAV] create descriptor index: 93.
[Sxavenger Engine] >> [DXOBJECT DescriptorPool D3D12_DESCRIPTOR_HEAP_TYPE_CBV_SRV_UAV] create descriptor index: 94.
[Sxavenger Engine] >> [DXOBJECT DescriptorPool D3D12_DESCRIPTOR_HEAP_TYPE_DSV] create descriptor index: 2.
[Sxavenger Engine] >> [DXOBJECT DescriptorPool D3D12_DESCRIPTOR_HEAP_TYPE_CBV_SRV_UAV] create descriptor index: 95.
[Sxavenger Engine] >> [DXOBJECT DescriptorPool D3D12_DESCRIPTOR_HEAP_TYPE_CBV_SRV_UAV] create descriptor index: 96.
[Sxavenger Engine] >> [DXOBJECT DescriptorPool D3D12_DESCRIPTOR_HEAP_TYPE_DSV] create descriptor index: 3.
[Sxavenger Engine] >> [DXOBJECT DescriptorPool D3D12_DESCRIPTOR_HEAP_TYPE_CBV_SRV_UAV] create descriptor index: 97.
[Sxavenger Engine] >> [DXOBJECT DescriptorPool D3D12_DESCRIPTOR_HEAP_TYPE_CBV_SRV_UAV] create descriptor index: 98.
[Sxavenger Engine] >> [DXOBJECT DescriptorPool D3D12_DESCRIPTOR_HEAP_TYPE_CBV_SRV_UAV] create descriptor index: 99.
[Sxavenger Engine] >> [DXOBJECT DescriptorPool D3D12_DESCRIPTOR_HEAP_TYPE_CBV_SRV_UAV] create descriptor index: 100.
[Sxavenger Engine] >> [DXOBJECT DescriptorPool D3D12_DESCRIPTOR_HEAP_TYPE_CBV_SRV_UAV] create descriptor index: 101.
[Sxavenger Engine] >> [DXOBJECT DescriptorPool D3D12_DESCRIPTOR_HEAP_TYPE_CBV_SRV_UAV] create descriptor index: 102.
[Sxavenger Engine] >> [DXOBJECT DescriptorPool D3D12_DESCRIPTOR_HEAP_TYPE_CBV_SRV_UAV] create descriptor index: 103.
[Sxavenger Engine] >> [DXOBJECT DescriptorPool D3D12_DESCRIPTOR_HEAP_TYPE_CBV_SRV_UAV] create descriptor index: 104.
[Sxavenger Engine] >> [DXOBJECT DescriptorPool D3D12_DESCRIPTOR_HEAP_TYPE_CBV_SRV_UAV] create descriptor index: 105.
[Sxavenger Engine] >> [DXOBJECT DescriptorPool D3D12_DESCRIPTOR_HEAP_TYPE_CBV_SRV_UAV] create descriptor index: 106.
[Sxavenger Engine] >> [DXOBJECT DescriptorPool D3D12_DESCRIPTOR_HEAP_TYPE_CBV_SRV_UAV] create descriptor index: 107.
[Sxavenger Engine] >> [DXOBJECT DescriptorPool D3D12_DESCRIPTOR_HEAP_TYPE_CBV_SRV_UAV] create descriptor index: 108.
[Sxavenger Engine] >> [DXOBJECT DescriptorPool D3D12_DESCRIPTOR_HEAP_TYPE_CBV_SRV_UAV] create descriptor index: 109.
[Sxavenger Engine] >> [DXOBJECT DescriptorPool D3D12_DESCRIPTOR_HEAP_TYPE_CBV_SRV_UAV] create descriptor index: 110.
[Sxavenger Engine] >> [DXOBJECT DescriptorPool D3D12_DESCRIPTOR_HEAP_TYPE_CBV_SRV_UAV] create descriptor index: 111.
[Sxavenger Engine] >> [DXOBJECT DescriptorPool D3D12_DESCRIPTOR_HEAP_TYPE_CBV_SRV_UAV] create descriptor index: 112.
[Sxavenger Engine] >> [DXOBJECT DescriptorPool D3D12_DESCRIPTOR_HEAP_TYPE_CBV_SRV_UAV] create descriptor index: 113.
[Sxavenger Engine] >> [DXOBJECT DescriptorPool D3D12_DESCRIPTOR_HEAP_TYPE_CBV_SRV_UAV] create descriptor index: 114.
[Sxavenger Engine] >> [DXOBJECT DescriptorPool D3D12_DESCRIPTOR_HEAP_TYPE_CBV_SRV_UAV] create descriptor index: 115.
[Sxavenger Engine] >> [DXOBJECT DescriptorPool D3D12_DESCRIPTOR_HEAP_TYPE_CBV_SRV_UAV] create descriptor index: 116.
[Sxavenger Engine] >> [DXOBJECT DescriptorPool D3D12_DESCRIPTOR_HEAP_TYPE_CBV_SRV_UAV] create descriptor index: 117.
[Sxavenger Engine] >> [DXOBJECT DescriptorPool D3D12_DESCRIPTOR_HEAP_TYPE_CBV_SRV_UAV] create descriptor index: 118.
[Sxavenger Engine] >> [DXOBJECT DescriptorPool D3D12_DESCRIPTOR_HEAP_TYPE_CBV_SRV_UAV] create descriptor index: 119.
[Sxavenger Engine] >> [DXOBJECT DescriptorPool D3D12_DESCRIPTOR_HEAP_TYPE_CBV_SRV_UAV] create descriptor index: 120.
[Sxavenger Engine] >> [DXOBJECT DescriptorPool D3D12_DESCRIPTOR_HEAP_TYPE_CBV_SRV_UAV] create descriptor index: 121.
[Sxavenger Engine] >> [DXOBJECT DescriptorPool D3D12_DESCRIPTOR_HEAP_TYPE_CBV_SRV_UAV] create descriptor index: 122.
[Sxavenger Engine] >> [DXOBJECT DescriptorPool D3D12_DESCRIPTOR_HEAP_TYPE_CBV_SRV_UAV] create descriptor index: 123.
[Sxavenger Engine] >> [DXOBJECT DescriptorPool D3D12_DESCRIPTOR_HEAP_TYPE_CBV_SRV_UAV] create descriptor index: 124.
[Sxavenger Engine] >> [DXOBJECT DescriptorPool D3D12_DESCRIPTOR_HEAP_TYPE_CBV_SRV_UAV] create descriptor index: 125.
[Sxavenger Engine] >> [DXOBJECT DescriptorPool D3D12_DESCRIPTOR_HEAP_TYPE_CBV_SRV_UAV] create descriptor index: 126.
[Sxavenger Engine] >> [DXOBJECT DescriptorPool D3D12_DESCRIPTOR_HEAP_TYPE_CBV_SRV_UAV] create descriptor index: 127.
[Sxavenger Engine] >> [DXOBJECT DescriptorPool D3D12_DESCRIPTOR_HEAP_TYPE_CBV_SRV_UAV] create descriptor index: 128.
[Sxavenger Engine] >> [DXOBJECT DescriptorPool D3D12_DESCRIPTOR_HEAP_TYPE_CBV_SRV_UAV] create descriptor index: 129.
[Sxavenger Engine] >> [DXOBJECT DescriptorPool D3D12_DESCRIPTOR_HEAP_TYPE_CBV_SRV_UAV] create descriptor index: 130.
[Sxavenger Engine] >> [DXOBJECT DescriptorPool D3D12_DESCRIPTOR_HEAP_TYPE_CBV_SRV_UAV] create descriptor index: 131.
[Sxavenger Engine] >> [DXOBJECT DescriptorPool D3D12_DESCRIPTOR_HEAP_TYPE_CBV_SRV_UAV] create descriptor index: 132.
[Sxavenger Engine] [main thread] >> [AsyncThreadPool] task pushed. tag: packages/textures/icon/scene_volume.png
[Sxavenger Engine] [thread id: 21204] >> [AsyncThreadPool] task poped. tag: packages/textures/icon/scene_volume.png
[Sxavenger Engine] >> [DXOBJECT DescriptorPool D3D12_DESCRIPTOR_HEAP_TYPE_CBV_SRV_UAV] create descriptor index: 133.
[Sxavenger Engine] [thread id: 21204] >> [AssetTexture]: texture setup complete. uuid: a174b25b-7ad5-49f0-849b7a0ff54761eb
[Sxavenger Engine] [thread id: 21204] >> [AsyncThread] task completed. tag: packages/textures/icon/scene_volume.png
[Sxavenger Engine] [main thread] >> [AsyncThreadPool] task pushed. tag: packages/textures/icon/scene_directionalLight.png
[Sxavenger Engine] [thread id: 1656] >> [AsyncThreadPool] task poped. tag: packages/textures/icon/scene_directionalLight.png
[Sxavenger Engine] >> [DXOBJECT DescriptorPool D3D12_DESCRIPTOR_HEAP_TYPE_CBV_SRV_UAV] create descriptor index: 134.
[Sxavenger Engine] [thread id: 1656] >> [AssetTexture]: texture setup complete. uuid: 2c3afc51-647f-4fda-9e47ade14f98e849
[Sxavenger Engine] [thread id: 1656] >> [AsyncThread] task completed. tag: packages/textures/icon/scene_directionalLight.png
[Sxavenger Engine] [main thread] >> [AsyncThreadPool] task pushed. tag: packages/textures/icon/scene_pointLight.png
[Sxavenger Engine] [thread id: 21204] >> [AsyncThreadPool] task poped. tag: packages/textures/icon/scene_pointLight.png
[Sxavenger Engine] >> [DXOBJECT DescriptorPool D3D12_DESCRIPTOR_HEAP_TYPE_CBV_SRV_UAV] create descriptor index: 135.
[Sxavenger Engine] [thread id: 21204] >> [AssetTexture]: texture setup complete. uuid: 6ba62532-5bad-407e-9f18ff8ad2a187f4
[Sxavenger Engine] [thread id: 21204] >> [AsyncThread] task completed. tag: packages/textures/icon/scene_pointLight.png
[Sxavenger Engine] [main thread] >> [AsyncThreadPool] task pushed. tag: packages/textures/icon/scene_spotLight.png
[Sxavenger Engine] [thread id: 1656] >> [AsyncThreadPool] task poped. tag: packages/textures/icon/scene_spotLight.png
[Sxavenger Engine] >> [DXOBJECT DescriptorPool D3D12_DESCRIPTOR_HEAP_TYPE_CBV_SRV_UAV] create descriptor index: 136.
[Sxavenger Engine] [thread id: 1656] >> [AssetTexture]: texture setup complete. uuid: aa9eee08-5a8a-49e6-a1f3c173949b6b75
[Sxavenger Engine] [thread id: 1656] >> [AsyncThread] task completed. tag: packages/textures/icon/scene_spotLight.png
[Sxavenger Engine] [main thread] >> [AsyncThreadPool] task pushed. tag: packages/textures/icon/scene_camera.png
[Sxavenger Engine] [thread id: 21204] >> [AsyncThreadPool] task poped. tag: packages/textures/icon/scene_camera.png
[Sxavenger Engine] >> [DXOBJECT DescriptorPool D3D12_DESCRIPTOR_HEAP_TYPE_CBV_SRV_UAV] create descriptor index: 137.
[Sxavenger Engine] [thread id: 21204] >> [AssetTexture]: texture setup complete. uuid: 746b1d79-f309-4f74-80c62106e1932741
[Sxavenger Engine] [thread id: 21204] >> [AsyncThread] task completed. tag: packages/textures/icon/scene_camera.png
[Sxavenger Engine] [main thread] >> [AsyncThreadPool] task pushed. tag: Packages/textures/icon/folder.png
[Sxavenger Engine] [thread id: 1656] >> [AsyncThreadPool] task poped. tag: Packages/textures/icon/folder.png
[Sxavenger Engine] >> [DXOBJECT DescriptorPool D3D12_DESCRIPTOR_HEAP_TYPE_CBV_SRV_UAV] create descriptor index: 138.
[Sxavenger Engine] [thread id: 1656] >> [AssetTexture]: texture setup complete. uuid: 7fac270f-5af5-49c2-9cc1179b8c98448a
[Sxavenger Engine] [thread id: 1656] >> [AsyncThread] task completed. tag: Packages/textures/icon/folder.png
[Sxavenger Engine] [main thread] >> [AsyncThreadPool] task pushed. tag: Packages/textures/icon/file.png
[Sxavenger Engine] [thread id: 21204] >> [AsyncThreadPool] task poped. tag: Packages/textures/icon/file.png
[Sxavenger Engine] >> [DXOBJECT DescriptorPool D3D12_DESCRIPTOR_HEAP_TYPE_CBV_SRV_UAV] create descriptor index: 139.
[Sxavenger Engine] [thread id: 21204] >> [AssetTexture]: texture setup complete. uuid: 2e198845-dad2-4643-8e559a23a7a31e2c
[Sxavenger Engine] [thread id: 21204] >> [AsyncThread] task completed. tag: Packages/textures/icon/file.png
[Sxavenger Engine] [main thread] >> [AsyncThreadPool] task pushed. tag: Packages/textures/icon/texture.png
[Sxavenger Engine] [thread id: 1656] >> [AsyncThreadPool] task poped. tag: Packages/textures/icon/texture.png
[Sxavenger Engine] >> [DXOBJECT DescriptorPool D3D12_DESCRIPTOR_HEAP_TYPE_CBV_SRV_UAV] create descriptor index: 140.
[Sxavenger Engine] [thread id: 1656] >> [AssetTexture]: texture setup complete. uuid: 0e335303-86ac-4487-80743fba6e28749a
[Sxavenger Engine] [thread id: 1656] >> [AsyncThread] task completed. tag: Packages/textures/icon/texture.png
[Sxavenger Engine] [main thread] >> [AsyncThreadPool] task pushed. tag: Packages/textures/icon/model.png
[Sxavenger Engine] [thread id: 21204] >> [AsyncThreadPool] task poped. tag: Packages/textures/icon/model.png
[Sxavenger Engine] >> [DXOBJECT DescriptorPool D3D12_DESCRIPTOR_HEAP_TYPE_CBV_SRV_UAV] create descriptor index: 141.
[Sxavenger Engine] [thread id: 21204] >> [AssetTexture]: texture setup complete. uuid: 502c3bbb-b671-4d13-8a1ed6efb601da3c
[Sxavenger Engine] [thread id: 21204] >> [AsyncThread] task completed. tag: Packages/textures/icon/model.png
[Sxavenger Engine] [main thread] >> [AsyncThreadPool] task pushed. tag: Packages/textures/icon/shader.png
[Sxavenger Engine] [thread id: 1656] >> [AsyncThreadPool] task poped. tag: Packages/textures/icon/shader.png
[Sxavenger Engine] >> [DXOBJECT DescriptorPool D3D12_DESCRIPTOR_HEAP_TYPE_CBV_SRV_UAV] create descriptor index: 142.
[Sxavenger Engine] [thread id: 1656] >> [AssetTexture]: texture setup complete. uuid: 2b1ee179-42d3-4b9c-9b34a545538361fa
[Sxavenger Engine] [thread id: 1656] >> [AsyncThread] task completed. tag: Packages/textures/icon/shader.png
[Sxavenger Engine] [main thread] >> [AsyncThreadPool] task pushed. tag: Packages/textures/icon/scene.png
[Sxavenger Engine] [thread id: 21204] >> [AsyncThreadPool] task poped. tag: Packages/textures/icon/scene.png
[Sxavenger Engine] >> [DXOBJECT DescriptorPool D3D12_DESCRIPTOR_HEAP_TYPE_CBV_SRV_UAV] create descriptor index: 143.
[Sxavenger Engine] [thread id: 21204] >> [AssetTexture]: texture setup complete. uuid: 51261c41-0072-469a-abda69a44e35356a
[Sxavenger Engine] [thread id: 21204] >> [AsyncThread] task completed. tag: Packages/textures/icon/scene.png
[Sxavenger Engine] >> [DXOBJECT DescriptorPool D3D12_DESCRIPTOR_HEAP_TYPE_RTV] create descriptor index: 22.
[Sxavenger Engine] >> [DXOBJECT DescriptorPool D3D12_DESCRIPTOR_HEAP_TYPE_RTV] create descriptor index: 23.
[Sxavenger Engine] >> [DXOBJECT DescriptorPool D3D12_DESCRIPTOR_HEAP_TYPE_DSV] create descriptor index: 4.
[Sxavenger Engine] >> [DirectXWindowContext]: show window. name: [Sxavenger Engine / Sxx Engine] Example Window, hwnd: 0x505be
[Sxavenger Engine] >> [DXOBJECT DescriptorPool D3D12_DESCRIPTOR_HEAP_TYPE_CBV_SRV_UAV] create descriptor index: 144.
[Sxavenger Engine] [thread id: 4444] >> [AssetTexture]: texture setup complete. uuid: 51e30a10-02da-4bfe-8e2e58838e30b0a7
[Sxavenger Engine] [thread id: 4444] >> [AsyncThread] task completed. tag: packages/textures/checker_black.png
[Sxavenger Engine] [thread id: 15908] >> [Input] begin input thread.
